Watching for file changes with StatReloader
"GET /admin/ HTTP/1.1" 200 8495
"GET /admin/auth/user/add/ HTTP/1.1" 200 12866
"GET /admin/jsi18n/ HTTP/1.1" 200 3342
"GET /admin/ HTTP/1.1" 200 8495
Watching for file changes with StatReloader
"GET /admin/ HTTP/1.1" 200 8495
"GET /admin/tracker/task/ HTTP/1.1" 200 9797
"GET /admin/jsi18n/ HTTP/1.1" 200 3342
"GET /admin/tracker/task/3/change/ HTTP/1.1" 200 13351
"GET /admin/jsi18n/ HTTP/1.1" 200 3342
"GET /admin/tracker/task/ HTTP/1.1" 200 9797
"GET /admin/ HTTP/1.1" 200 8495
Watching for file changes with StatReloader
"GET /admin/ HTTP/1.1" 200 8495
"GET /admin/tracker/task/add/ HTTP/1.1" 200 13030
"GET /admin/jsi18n/ HTTP/1.1" 200 3342
"GET /admin/tracker/task/ HTTP/1.1" 200 9797
"GET /admin/jsi18n/ HTTP/1.1" 200 3342
"GET /admin/tracker/ HTTP/1.1" 200 5447
"GET /admin/tracker/task/add/ HTTP/1.1" 200 13030
"GET /admin/jsi18n/ HTTP/1.1" 200 3342
"GET /admin/tracker/task/ HTTP/1.1" 200 9797
"GET /admin/jsi18n/ HTTP/1.1" 200 3342
"GET /admin/tracker/task/add/ HTTP/1.1" 200 13030
"GET /admin/jsi18n/ HTTP/1.1" 200 3342
"GET /admin/tracker/ HTTP/1.1" 200 5447
"GET /admin/ HTTP/1.1" 200 8495
"GET /admin/auth/group/ HTTP/1.1" 200 8602
"GET /admin/jsi18n/ HTTP/1.1" 200 3342
"GET /static/admin/img/search.svg HTTP/1.1" 200 458
"GET /admin/ HTTP/1.1" 200 8495
"GET /admin/auth/user/ HTTP/1.1" 200 12176
"GET /admin/jsi18n/ HTTP/1.1" 200 3342
"GET /static/admin/img/sorting-icons.svg HTTP/1.1" 200 1097
"GET /admin/auth/user/add/ HTTP/1.1" 200 12866
"GET /admin/jsi18n/ HTTP/1.1" 200 3342
"GET /admin/ HTTP/1.1" 200 8495
D:\python_project\DjangoProject\tracker\views.py changed, reloading.
Watching for file changes with StatReloader
